TN:
SF:src\domain\entities\log.entity.ts
FN:29,LogEntity
FN:40,Object.<anonymous>.LogEntity.fromJson
FN:57,Object.<anonymous>.LogEntity.fromObject
FNF:3
FNH:2
FNDA:14,LogEntity
FNDA:8,Object.<anonymous>.LogEntity.fromJson
FNDA:0,Object.<anonymous>.LogEntity.fromObject
DA:1,1
DA:2,1
DA:3,1
DA:4,1
DA:5,1
DA:6,1
DA:7,1
DA:8,1
DA:9,1
DA:10,1
DA:11,1
DA:12,1
DA:13,1
DA:14,1
DA:15,1
DA:16,1
DA:17,1
DA:18,1
DA:19,1
DA:20,1
DA:21,1
DA:22,1
DA:23,1
DA:24,1
DA:25,1
DA:26,1
DA:27,1
DA:28,1
DA:29,1
DA:30,14
DA:31,14
DA:32,14
DA:33,14
DA:34,14
DA:35,14
DA:36,14
DA:37,14
DA:38,1
DA:39,1
DA:40,1
DA:41,8
DA:42,8
DA:43,8
DA:44,8
DA:45,8
DA:46,8
DA:47,8
DA:48,8
DA:49,8
DA:50,8
DA:51,8
DA:52,8
DA:53,8
DA:54,8
DA:55,1
DA:56,1
DA:57,1
DA:58,0
DA:59,0
DA:60,0
DA:61,0
DA:62,0
DA:63,0
DA:64,0
DA:65,0
DA:66,0
DA:67,1
DA:68,1
LF:68
LH:59
BRDA:5,0,0,1
BRDA:29,1,0,14
BRDA:40,2,0,8
BRDA:42,3,0,3
BRDA:42,4,0,5
BRF:5
BRH:5
end_of_record
TN:
SF:src\infrastructure\datasources\file-system.datasource.ts
FN:17,FileSystemDatasource
FN:21,FileSystemDatasource.createLogsFiles
FN:66,FileSystemDatasource.getLogsFromFile
FN:45,saveLog
FN:78,getLogs
FNF:5
FNH:5
FNDA:5,FileSystemDatasource
FNDA:5,FileSystemDatasource.createLogsFiles
FNDA:3,FileSystemDatasource.getLogsFromFile
FNDA:6,saveLog
FNDA:3,getLogs
DA:1,1
DA:2,1
DA:3,1
DA:4,1
DA:5,1
DA:6,1
DA:7,1
DA:8,1
DA:9,1
DA:10,1
DA:11,1
DA:12,1
DA:13,1
DA:14,1
DA:15,1
DA:16,1
DA:17,1
DA:18,5
DA:19,5
DA:20,1
DA:21,1
DA:22,5
DA:23,5
DA:24,5
DA:25,5
DA:26,5
DA:27,5
DA:28,5
DA:29,5
DA:30,5
DA:31,5
DA:32,5
DA:33,5
DA:34,5
DA:35,15
DA:36,15
DA:37,15
DA:38,15
DA:39,5
DA:40,5
DA:41,5
DA:42,5
DA:43,1
DA:44,1
DA:45,1
DA:46,6
DA:47,6
DA:48,6
DA:49,6
DA:50,6
DA:51,6
DA:52,6
DA:53,6
DA:54,4
DA:55,4
DA:56,6
DA:57,2
DA:58,2
DA:59,2
DA:60,2
DA:61,2
DA:62,2
DA:63,6
DA:64,1
DA:65,1
DA:66,1
DA:67,3
DA:68,3
DA:69,3
DA:70,3
DA:71,3
DA:72,3
DA:73,3
DA:74,3
DA:75,3
DA:76,3
DA:77,3
DA:78,1
DA:79,3
DA:80,3
DA:81,3
DA:82,1
DA:83,3
DA:84,3
DA:85,1
DA:86,3
DA:87,3
DA:88,1
DA:89,3
DA:90,3
DA:91,0
DA:92,0
DA:93,3
DA:94,3
DA:95,3
DA:96,1
DA:97,1
DA:98,1
DA:99,1
LF:99
LH:97
BRDA:17,0,0,5
BRDA:21,1,0,5
BRDA:34,2,0,15
BRDA:36,3,0,0
BRDA:66,4,0,3
BRDA:68,5,0,0
BRDA:45,6,0,6
BRDA:53,7,0,2
BRDA:54,8,0,4
BRDA:56,9,0,2
BRDA:78,10,0,3
BRDA:81,11,0,1
BRDA:84,12,0,1
BRDA:87,13,0,1
BRDA:90,14,0,0
BRF:15
BRH:12
end_of_record
